2020-05-25 20:01:55,491 : INFO : Machine : Mission Pinball Framework Core Engine v0.53.3
2020-05-25 20:01:55,491 : INFO : Machine : Command line arguments: {'no_load_cache': False, 'create_config_cache': True, 'bcp': True, 'configfile': ['config.yaml'], 'mpfconfigfile': 'c:\\users\\hans\\appdata\\local\\programs\\python\\python36-32\\lib\\site-packages\\mpf\\mpfconfig.yaml', 'force_assets_load': False, 'jsonlogging': False, 'logfile': 'logs\\2020-05-25-20-01-55-mpf-Hans-PC.log', 'pause': False, 'production': False, 'text_ui': True, 'loglevel': 15, 'consoleloglevel': 20, 'force_platform': None, 'syslog_address': None, 'mc_file_name': None, 'no_sound': False}
2020-05-25 20:01:55,491 : INFO : Machine : MPF path: c:\users\hans\appdata\local\programs\python\python36-32\lib\site-packages\mpf
2020-05-25 20:01:55,491 : INFO : Machine : Machine path: C:\pinball\HauntedHouse
2020-05-25 20:01:55,491 : INFO : Machine : Platform: win32
2020-05-25 20:01:55,491 : INFO : Machine : Python executable location: c:\users\hans\appdata\local\programs\python\python36-32\python.exe
2020-05-25 20:01:55,491 : INFO : Machine : Python version: 3.6.8 (32-bit)
2020-05-25 20:01:55,491 : INFO : Machine : Machine config file #1: config.yaml
2020-05-25 20:01:55,507 : INFO : ConfigProcessor : Loading config from cache: C:\Users\Hans\AppData\Local\Temp\6e040aaf1f6a41fde2348c429eac1a1c.mpf_cache
2020-05-25 20:01:55,522 : INFO : Machine : Initialise MPF.
2020-05-25 20:01:59,282 : INFO : ConfigValidator : Config spec file cache created: C:\Users\Hans\AppData\Local\Temp\config_spec.mpf_cache
2020-05-25 20:02:00,140 : INFO : P3-ROC : Connecting to P-ROC
2020-05-25 20:02:00,405 : INFO : P3-ROC : Successfully connected to P-ROC/P3-ROC. Firmware Version: 2. Firmware Revision: 6. Hardware Board ID: 1
2020-05-25 20:02:00,577 : INFO : EventManager : Event: ======'machine_var_p_roc_version'====== Args={'value': 2, 'prev_value': None, 'change': True}
2020-05-25 20:02:00,577 : INFO : EventManager : Event: ======'machine_var_p_roc_revision'====== Args={'value': 6, 'prev_value': None, 'change': True}
2020-05-25 20:02:00,577 : INFO : EventManager : Event: ======'machine_var_p_roc_hardware_version'====== Args={'value': 1, 'prev_value': None, 'change': True}
2020-05-25 20:02:00,608 : INFO : EventManager : Event: ======'machine_var_credits_string'====== Args={'value': 'FREE PLAY', 'prev_value': None, 'change': True}
2020-05-25 20:02:01,076 : INFO : EventManager : Event: ======'machine_var_player1_score'====== Args={'value': 29150, 'prev_value': None, 'change': True}
2020-05-25 20:02:01,076 : INFO : EventManager : Event: ======'machine_var_mpf_version'====== Args={'value': 'MPF v0.53.3', 'prev_value': None, 'change': True}
2020-05-25 20:02:01,076 : INFO : EventManager : Event: ======'machine_var_mpf_extended_version'====== Args={'value': 'MPF v0.53.3, Config version:5, Show version: 5, BCP version:1.1', 'prev_value': None, 'change': True}
2020-05-25 20:02:01,076 : INFO : EventManager : Event: ======'machine_var_python_version'====== Args={'value': '3.6.8', 'prev_value': None, 'change': True}
2020-05-25 20:02:01,076 : INFO : EventManager : Event: ======'machine_var_platform'====== Args={'value': 'Windows-7-6.1.7601-SP1', 'prev_value': None, 'change': True}
2020-05-25 20:02:01,076 : INFO : EventManager : Event: ======'machine_var_platform_system'====== Args={'value': 'Windows', 'prev_value': None, 'change': True}
2020-05-25 20:02:01,076 : INFO : EventManager : Event: ======'machine_var_platform_release'====== Args={'value': '7', 'prev_value': None, 'change': True}
2020-05-25 20:02:01,076 : INFO : EventManager : Event: ======'machine_var_platform_version'====== Args={'value': '6.1.7601', 'prev_value': None, 'change': True}
2020-05-25 20:02:01,076 : INFO : EventManager : Event: ======'machine_var_platform_machine'====== Args={'value': 'x86', 'prev_value': None, 'change': True}
2020-05-25 20:02:01,076 : INFO : EventManager : Event: ======'init_phase_1'====== Args={}
2020-05-25 20:02:01,294 : INFO : ConfigProcessor : Loading config from cache: C:\Users\Hans\AppData\Local\Temp\7d6c1285f2e862430ea29e9aa05d0f73.mpf_cache
2020-05-25 20:02:01,326 : INFO : ConfigProcessor : Loading config from cache: C:\Users\Hans\AppData\Local\Temp\ac83460c407a763630a505790089d322.mpf_cache
2020-05-25 20:02:01,357 : INFO : ConfigProcessor : Loading config from cache: C:\Users\Hans\AppData\Local\Temp\fd4d0ac963aaaec6abb4cac3da0cded0.mpf_cache
2020-05-25 20:02:01,716 : INFO : EventManager : Event: ======'drop_target_bank_upper_up'====== Args={}
2020-05-25 20:02:01,716 : INFO : EventManager : Event: ======'drop_target_bank_lower_up'====== Args={}
2020-05-25 20:02:01,747 : INFO : EventManager : Event: ======'init_phase_2'====== Args={}
2020-05-25 20:02:01,809 : INFO : SwitchController : Found active switch: (8, <Platform.P3-ROC>)
2020-05-25 20:02:01,809 : INFO : SwitchController : Found active switch: (10, <Platform.P3-ROC>)
2020-05-25 20:02:01,809 : INFO : SwitchController : Found active switch: (11, <Platform.P3-ROC>)
2020-05-25 20:02:01,872 : INFO : EventManager : Event: ======'bcp_connection_attempt'====== Args={'name': 'local_display', 'host': 'localhost', 'port': 5050}
2020-05-25 20:02:01,872 : INFO : BCPClientSocket : Connecting BCP to 'local_display' at localhost:5050...
2020-05-25 20:02:05,571 : INFO : BCPClientSocket : Connected BCP to 'local_display' localhost:5050
2020-05-25 20:02:05,574 : INFO : EventManager : Event: ======'bcp_clients_connected'====== Args={}
2020-05-25 20:02:05,617 : INFO : EventManager : Event: ======'slide_welcome_slide_created'====== Args={'_from_bcp': True}
2020-05-25 20:02:05,880 : INFO : EventManager : Event: ======'init_phase_3'====== Args={}
2020-05-25 20:02:05,884 : INFO : AssetManager : Registering Asset: attract_display_loop, File: attract_display_loop.yaml, Default Group: default, Final Config: {'load': 'preload', 'file': 'C:\\pinball\\HauntedHouse\\modes\\attract\\shows\\attract_display_loop.yaml'}
2020-05-25 20:02:05,885 : INFO : AssetManager : Registering Asset: attract_light_show, File: attract_light_show.yaml, Default Group: default, Final Config: {'load': 'preload', 'file': 'C:\\pinball\\HauntedHouse\\modes\\attract\\shows\\attract_light_show.yaml'}
2020-05-25 20:02:05,899 : INFO : EventManager : Event: ======'slide_welcome_slide_active'====== Args={'_from_bcp': True}
2020-05-25 20:02:05,904 : INFO : EventManager : Event: ======'machine_var_mc_version'====== Args={'value': 'MPF-MC v0.53.3', 'prev_value': None, 'change': True}
2020-05-25 20:02:05,906 : INFO : EventManager : Event: ======'machine_var_mc_extended_version'====== Args={'value': 'MPF-MC v0.53.3 (config_version=5, BCP v1.1, Requires MPF v0.53.0)', 'prev_value': None, 'change': True}
2020-05-25 20:02:05,917 : INFO : EventManager : Event: ======'machine_var_master_volume'====== Args={'value': 0.5, 'prev_value': None, 'change': True}
2020-05-25 20:02:06,011 : INFO : ConfigProcessor : Loading config from cache: C:\Users\Hans\AppData\Local\Temp\636f49f53640d05219cf7c0882dcdaa5.mpf_cache
2020-05-25 20:02:06,028 : INFO : EventManager : Event: ======'loading_assets'====== Args={'total': 2, 'loaded': 1, 'remaining': 1, 'percent': 50}
2020-05-25 20:02:06,028 : INFO : AssetManager : Loading assets: 1/2 (50%)
2020-05-25 20:02:06,030 : WARNING : ConfigProcessor : Config file in cache changed: C:\pinball\HauntedHouse\modes\attract\shows\attract_light_show.yaml
2020-05-25 20:02:06,030 : INFO : ConfigProcessor : Loading config from file C:\pinball\HauntedHouse\modes\attract\shows\attract_light_show.yaml.
2020-05-25 20:02:06,061 : INFO : EventManager : Event: ======'init_phase_4'====== Args={}
2020-05-25 20:02:06,064 : ERROR : asyncio : Exception in callback AsyncioSyncAssetManager._done(<Task finishe..., column 2',)>) at c:\users\hans\appdata\local\programs\python\python36-32\lib\site-packages\mpf\core\assets.py:628
handle: <Handle AsyncioSyncAssetManager._done(<Task finishe..., column 2',)>) at c:\users\hans\appdata\local\programs\python\python36-32\lib\site-packages\mpf\core\assets.py:628>
Traceback (most recent call last):
  File "c:\users\hans\appdata\local\programs\python\python36-32\lib\site-packages\mpf\file_interfaces\yaml_interface.py", line 193, in load
    config = self.process(f)
  File "c:\users\hans\appdata\local\programs\python\python36-32\lib\site-packages\mpf\file_interfaces\yaml_interface.py", line 218, in process
    return yaml.load(data_string, Loader=MpfLoader)
  File "c:\users\hans\appdata\local\programs\python\python36-32\lib\site-packages\ruamel\yaml\main.py", line 935, in load
    return loader._constructor.get_single_data()
  File "c:\users\hans\appdata\local\programs\python\python36-32\lib\site-packages\ruamel\yaml\constructor.py", line 109, in get_single_data
    node = self.composer.get_single_node()
  File "c:\users\hans\appdata\local\programs\python\python36-32\lib\site-packages\ruamel\yaml\composer.py", line 78, in get_single_node
    document = self.compose_document()
  File "c:\users\hans\appdata\local\programs\python\python36-32\lib\site-packages\ruamel\yaml\composer.py", line 101, in compose_document
    node = self.compose_node(None, None)
  File "c:\users\hans\appdata\local\programs\python\python36-32\lib\site-packages\ruamel\yaml\composer.py", line 136, in compose_node
    node = self.compose_sequence_node(anchor)
  File "c:\users\hans\appdata\local\programs\python\python36-32\lib\site-packages\ruamel\yaml\composer.py", line 179, in compose_sequence_node
    while not self.parser.check_event(SequenceEndEvent):
  File "c:\users\hans\appdata\local\programs\python\python36-32\lib\site-packages\ruamel\yaml\parser.py", line 141, in check_event
    self.current_event = self.state()
  File "c:\users\hans\appdata\local\programs\python\python36-32\lib\site-packages\ruamel\yaml\parser.py", line 517, in parse_block_sequence_entry
    token.start_mark,
ruamel.yaml.parser.ParserError: while parsing a block collection
  in "C:\pinball\HauntedHouse\modes\attract\shows\attract_light_show.yaml", line 3, column 1
expected <block end>, but found '<block sequence start>'
  in "C:\pinball\HauntedHouse\modes\attract\shows\attract_light_show.yaml", line 18, column 2

During handling of the above exception, another exception occurred:

Traceback (most recent call last):
  File "c:\users\hans\appdata\local\programs\python\python36-32\lib\asyncio\events.py", line 145, in _run
    self._callback(*self._args)
  File "c:\users\hans\appdata\local\programs\python\python36-32\lib\site-packages\mpf\core\assets.py", line 634, in _done
    future.result()
  File "c:\users\hans\appdata\local\programs\python\python36-32\lib\site-packages\mpf\core\assets.py", line 616, in wait_for_asset_load
    result = self._load_sync(asset)
  File "c:\users\hans\appdata\local\programs\python\python36-32\lib\site-packages\mpf\core\assets.py", line 609, in _load_sync
    asset.do_load()
  File "c:\users\hans\appdata\local\programs\python\python36-32\lib\site-packages\mpf\assets\show.py", line 90, in do_load
    self._do_load_show(None)
  File "c:\users\hans\appdata\local\programs\python\python36-32\lib\site-packages\mpf\assets\show.py", line 123, in _do_load_show
    data = self.load_show_from_disk()
  File "c:\users\hans\appdata\local\programs\python\python36-32\lib\site-packages\mpf\assets\show.py", line 423, in load_show_from_disk
    store_to_cache=self.machine.options['create_config_cache'])
  File "c:\users\hans\appdata\local\programs\python\python36-32\lib\site-packages\mpf\core\config_processor.py", line 113, in load_config_files_with_cache
    ignore_unknown_sections)
  File "c:\users\hans\appdata\local\programs\python\python36-32\lib\site-packages\mpf\core\config_processor.py", line 169, in _load_config_file_and_return_loaded_files
    config = FileManager.load(filename, expected_version_str, True)
  File "c:\users\hans\appdata\local\programs\python\python36-32\lib\site-packages\mpf\core\file_manager.py", line 98, in load
    return interface.load(file, verify_version, halt_on_error)
  File "c:\users\hans\appdata\local\programs\python\python36-32\lib\site-packages\mpf\file_interfaces\yaml_interface.py", line 200, in load
    raise ValueError(msg)
ValueError: YAML error found in file C:\pinball\HauntedHouse\modes\attract\shows\attract_light_show.yaml. Line 18, Position 2: while parsing a block collection
  in "C:\pinball\HauntedHouse\modes\attract\shows\attract_light_show.yaml", line 3, column 1
expected <block end>, but found '<block sequence start>'
  in "C:\pinball\HauntedHouse\modes\attract\shows\attract_light_show.yaml", line 18, column 2
2020-05-25 20:02:06,082 : INFO : EventManager : Event: ======'playfield_active'====== Args={}
2020-05-25 20:02:06,082 : INFO : EventManager : Event: ======'unexpected_ball_on_playfield'====== Args={}
2020-05-25 20:02:06,083 : INFO : EventManager : Event: ======'drop_target_u1_drop_down'====== Args={'device': <drop_target.u1_drop>}
2020-05-25 20:02:06,084 : INFO : EventManager : Event: ======'drop_target_bank_upper_mixed'====== Args={'down': 1}
2020-05-25 20:02:06,084 : INFO : EventManager : Event: ======'playfield_active'====== Args={}
2020-05-25 20:02:06,085 : INFO : EventManager : Event: ======'unexpected_ball_on_playfield'====== Args={}
2020-05-25 20:02:06,085 : INFO : EventManager : Event: ======'drop_target_u3_drop_down'====== Args={'device': <drop_target.u3_drop>}
2020-05-25 20:02:06,086 : INFO : EventManager : Event: ======'drop_target_bank_upper_mixed'====== Args={'down': 2}
2020-05-25 20:02:06,086 : INFO : EventManager : Event: ======'playfield_active'====== Args={}
2020-05-25 20:02:06,087 : INFO : EventManager : Event: ======'unexpected_ball_on_playfield'====== Args={}
2020-05-25 20:02:06,088 : INFO : EventManager : Event: ======'drop_target_u4_drop_down'====== Args={'device': <drop_target.u4_drop>}
2020-05-25 20:02:06,088 : INFO : EventManager : Event: ======'drop_target_bank_upper_mixed'====== Args={'down': 3}
2020-05-25 20:02:06,138 : INFO : Machine : Starting the main run loop.
2020-05-25 20:02:06,147 : INFO : Machine : Shutting down...
2020-05-25 20:02:06,150 : INFO : EventManager : Event: ======'shutdown'====== Args={}
2020-05-25 20:02:06,159 : INFO : EventManager : Event: ======'machine_var_audits_events_game_ended'====== Args={'value': 53, 'prev_value': None, 'change': True}
2020-05-25 20:02:06,166 : INFO : EventManager : Event: ======'machine_var_audits_events_game_started'====== Args={'value': 101, 'prev_value': None, 'change': True}
2020-05-25 20:02:06,171 : INFO : EventManager : Event: ======'machine_var_audits_player_score'====== Args={'value': {'average': 23430.178571428572, 'top': [120480, 114590, 92630, 76090, 75650, 71920, 57150, 56770, 56270, 46210], 'total': 56}, 'prev_value': None, 'change': True}
2020-05-25 20:02:06,180 : INFO : EventManager : Event: ======'machine_var_audits_shots_10pt'====== Args={'value': 178, 'prev_value': None, 'change': True}
2020-05-25 20:02:06,186 : INFO : EventManager : Event: ======'machine_var_audits_shots_left_inlane'====== Args={'value': 12, 'prev_value': None, 'change': True}
2020-05-25 20:02:06,194 : INFO : EventManager : Event: ======'machine_var_audits_shots_left_outlane'====== Args={'value': 6, 'prev_value': None, 'change': True}
2020-05-25 20:02:06,202 : INFO : EventManager : Event: ======'machine_var_audits_shots_lower_10pt_drops'====== Args={'value': 27, 'prev_value': None, 'change': True}
2020-05-25 20:02:06,208 : INFO : EventManager : Event: ======'machine_var_audits_shots_lower_10pt_lower'====== Args={'value': 10, 'prev_value': None, 'change': True}
2020-05-25 20:02:06,219 : INFO : EventManager : Event: ======'machine_var_audits_shots_lower_10pt_upper'====== Args={'value': 8, 'prev_value': None, 'change': True}
2020-05-25 20:02:06,225 : INFO : EventManager : Event: ======'machine_var_audits_shots_lower_1_drop'====== Args={'value': 37, 'prev_value': None, 'change': True}
2020-05-25 20:02:06,243 : INFO : EventManager : Event: ======'machine_var_audits_shots_lower_2_drop'====== Args={'value': 5, 'prev_value': None, 'change': True}
2020-05-25 20:02:06,252 : INFO : EventManager : Event: ======'machine_var_audits_shots_lower_3_drop'====== Args={'value': 7, 'prev_value': None, 'change': True}
2020-05-25 20:02:06,258 : INFO : EventManager : Event: ======'machine_var_audits_shots_lower_4_drop'====== Args={'value': 12, 'prev_value': None, 'change': True}
2020-05-25 20:02:06,263 : INFO : EventManager : Event: ======'machine_var_audits_shots_lower_5_drop'====== Args={'value': 11, 'prev_value': None, 'change': True}
2020-05-25 20:02:06,266 : INFO : EventManager : Event: ======'machine_var_audits_shots_lower_hole'====== Args={'value': 12, 'prev_value': None, 'change': True}
2020-05-25 20:02:06,266 : INFO : EventManager : Event: ======'machine_var_audits_shots_lower_kick_target'====== Args={'value': 1, 'prev_value': None, 'change': True}
2020-05-25 20:02:06,266 : INFO : EventManager : Event: ======'machine_var_audits_shots_lower_left'====== Args={'value': 6, 'prev_value': None, 'change': True}
2020-05-25 20:02:06,282 : INFO : EventManager : Event: ======'machine_var_audits_shots_lower_left_pop'====== Args={'value': 102, 'prev_value': None, 'change': True}
2020-05-25 20:02:06,282 : INFO : EventManager : Event: ======'machine_var_audits_shots_lower_pop'====== Args={'value': 24, 'prev_value': None, 'change': True}
2020-05-25 20:02:06,282 : INFO : EventManager : Event: ======'machine_var_audits_shots_lower_right'====== Args={'value': 3, 'prev_value': None, 'change': True}
2020-05-25 20:02:06,297 : INFO : EventManager : Event: ======'machine_var_audits_shots_lower_rollover'====== Args={'value': 20, 'prev_value': None, 'change': True}
2020-05-25 20:02:06,297 : INFO : EventManager : Event: ======'machine_var_audits_shots_lower_slingshot'====== Args={'value': 13, 'prev_value': None, 'change': True}
2020-05-25 20:02:06,297 : INFO : EventManager : Event: ======'machine_var_audits_shots_main_1'====== Args={'value': 10, 'prev_value': None, 'change': True}
2020-05-25 20:02:06,313 : INFO : EventManager : Event: ======'machine_var_audits_shots_main_2'====== Args={'value': 16, 'prev_value': None, 'change': True}
2020-05-25 20:02:06,313 : INFO : EventManager : Event: ======'machine_var_audits_shots_main_3'====== Args={'value': 13, 'prev_value': None, 'change': True}
2020-05-25 20:02:06,313 : INFO : EventManager : Event: ======'machine_var_audits_shots_main_4'====== Args={'value': 21, 'prev_value': None, 'change': True}
2020-05-25 20:02:06,329 : INFO : EventManager : Event: ======'machine_var_audits_shots_main_5'====== Args={'value': 17, 'prev_value': None, 'change': True}
2020-05-25 20:02:06,329 : INFO : EventManager : Event: ======'machine_var_audits_shots_main_slingshot'====== Args={'value': 27, 'prev_value': None, 'change': True}
2020-05-25 20:02:06,329 : INFO : EventManager : Event: ======'machine_var_audits_shots_right_inlane'====== Args={'value': 58, 'prev_value': None, 'change': True}
2020-05-25 20:02:06,329 : INFO : EventManager : Event: ======'machine_var_audits_shots_right_kickout'====== Args={'value': 28, 'prev_value': None, 'change': True}
2020-05-25 20:02:06,344 : INFO : EventManager : Event: ======'machine_var_audits_shots_right_outlane'====== Args={'value': 39, 'prev_value': None, 'change': True}
2020-05-25 20:02:06,344 : INFO : EventManager : Event: ======'machine_var_audits_shots_rollunder'====== Args={'value': 74, 'prev_value': None, 'change': True}
2020-05-25 20:02:06,344 : INFO : EventManager : Event: ======'machine_var_audits_shots_standup_right'====== Args={'value': 62, 'prev_value': None, 'change': True}
2020-05-25 20:02:06,344 : INFO : EventManager : Event: ======'machine_var_audits_shots_upper_1'====== Args={'value': 25, 'prev_value': None, 'change': True}
2020-05-25 20:02:06,360 : INFO : EventManager : Event: ======'machine_var_audits_shots_upper_1_drop'====== Args={'value': 43, 'prev_value': None, 'change': True}
2020-05-25 20:02:06,360 : INFO : EventManager : Event: ======'machine_var_audits_shots_upper_2'====== Args={'value': 46, 'prev_value': None, 'change': True}
2020-05-25 20:02:06,360 : INFO : EventManager : Event: ======'machine_var_audits_shots_upper_2_drop'====== Args={'value': 35, 'prev_value': None, 'change': True}
2020-05-25 20:02:06,375 : INFO : EventManager : Event: ======'machine_var_audits_shots_upper_3'====== Args={'value': 21, 'prev_value': None, 'change': True}
2020-05-25 20:02:06,375 : INFO : EventManager : Event: ======'machine_var_audits_shots_upper_3_drop'====== Args={'value': 44, 'prev_value': None, 'change': True}
2020-05-25 20:02:06,375 : INFO : EventManager : Event: ======'machine_var_audits_shots_upper_4'====== Args={'value': 17, 'prev_value': None, 'change': True}
2020-05-25 20:02:06,391 : INFO : EventManager : Event: ======'machine_var_audits_shots_upper_4_drop'====== Args={'value': 57, 'prev_value': None, 'change': True}
2020-05-25 20:02:06,391 : INFO : EventManager : Event: ======'machine_var_audits_shots_upper_left_pop'====== Args={'value': 46, 'prev_value': None, 'change': True}
2020-05-25 20:02:06,391 : INFO : EventManager : Event: ======'machine_var_audits_shots_upper_pop'====== Args={'value': 243, 'prev_value': None, 'change': True}
2020-05-25 20:02:06,391 : INFO : EventManager : Event: ======'machine_var_audits_switches_s_left_flipper1'====== Args={'value': 216, 'prev_value': None, 'change': True}
2020-05-25 20:02:06,407 : INFO : EventManager : Event: ======'machine_var_audits_switches_s_left_flipper2'====== Args={'value': 276, 'prev_value': None, 'change': True}
2020-05-25 20:02:06,407 : INFO : EventManager : Event: ======'machine_var_audits_switches_s_lower_10pt_UPPER'====== Args={'value': 0, 'prev_value': None, 'change': True}
2020-05-25 20:02:06,407 : INFO : EventManager : Event: ======'machine_var_audits_switches_s_lower_10pt_drops'====== Args={'value': 27, 'prev_value': None, 'change': True}
2020-05-25 20:02:06,422 : INFO : EventManager : Event: ======'machine_var_audits_switches_s_lower_10pt_lower'====== Args={'value': 10, 'prev_value': None, 'change': True}
2020-05-25 20:02:06,422 : INFO : EventManager : Event: ======'machine_var_audits_switches_s_lower_10pt_upper'====== Args={'value': 8, 'prev_value': None, 'change': True}
2020-05-25 20:02:06,422 : INFO : EventManager : Event: ======'machine_var_audits_switches_s_lower_1_drop'====== Args={'value': 391, 'prev_value': None, 'change': True}
2020-05-25 20:02:06,438 : INFO : EventManager : Event: ======'machine_var_audits_switches_s_lower_2_drop'====== Args={'value': 5, 'prev_value': None, 'change': True}
2020-05-25 20:02:06,438 : INFO : EventManager : Event: ======'machine_var_audits_switches_s_lower_3_drop'====== Args={'value': 7, 'prev_value': None, 'change': True}
2020-05-25 20:02:06,438 : INFO : EventManager : Event: ======'machine_var_audits_switches_s_lower_4_drop'====== Args={'value': 12, 'prev_value': None, 'change': True}
2020-05-25 20:02:06,453 : INFO : EventManager : Event: ======'machine_var_audits_switches_s_lower_5_drop'====== Args={'value': 11, 'prev_value': None, 'change': True}
2020-05-25 20:02:06,453 : INFO : EventManager : Event: ======'machine_var_audits_switches_s_lower_bonus_left'====== Args={'value': 6, 'prev_value': None, 'change': True}
2020-05-25 20:02:06,453 : INFO : EventManager : Event: ======'machine_var_audits_switches_s_lower_bonus_right'====== Args={'value': 3, 'prev_value': None, 'change': True}
2020-05-25 20:02:06,453 : INFO : EventManager : Event: ======'machine_var_audits_switches_s_lower_kick_target'====== Args={'value': 1, 'prev_value': None, 'change': True}
2020-05-25 20:02:06,469 : INFO : EventManager : Event: ======'machine_var_audits_switches_s_lower_kickout_special'====== Args={'value': 12, 'prev_value': None, 'change': True}
2020-05-25 20:02:06,469 : INFO : EventManager : Event: ======'machine_var_audits_switches_s_lower_pop'====== Args={'value': 24, 'prev_value': None, 'change': True}
2020-05-25 20:02:06,469 : INFO : EventManager : Event: ======'machine_var_audits_switches_s_lower_rollover'====== Args={'value': 48, 'prev_value': None, 'change': True}
2020-05-25 20:02:06,485 : INFO : EventManager : Event: ======'machine_var_audits_switches_s_lower_slingshot'====== Args={'value': 13, 'prev_value': None, 'change': True}
2020-05-25 20:02:06,485 : INFO : EventManager : Event: ======'machine_var_audits_switches_s_lower_vuk'====== Args={'value': 196, 'prev_value': None, 'change': True}
2020-05-25 20:02:06,500 : INFO : EventManager : Event: ======'machine_var_audits_switches_s_main_10pt_left'====== Args={'value': 17, 'prev_value': None, 'change': True}
2020-05-25 20:02:06,500 : INFO : EventManager : Event: ======'machine_var_audits_switches_s_main_1_target'====== Args={'value': 37, 'prev_value': None, 'change': True}
2020-05-25 20:02:06,500 : INFO : EventManager : Event: ======'machine_var_audits_switches_s_main_1_trough'====== Args={'value': 28, 'prev_value': None, 'change': True}
2020-05-25 20:02:06,516 : INFO : EventManager : Event: ======'machine_var_audits_switches_s_main_2_target'====== Args={'value': 39, 'prev_value': None, 'change': True}
2020-05-25 20:02:06,516 : INFO : EventManager : Event: ======'machine_var_audits_switches_s_main_2_trough'====== Args={'value': 56, 'prev_value': None, 'change': True}
2020-05-25 20:02:06,516 : INFO : EventManager : Event: ======'machine_var_audits_switches_s_main_3_target'====== Args={'value': 13, 'prev_value': None, 'change': True}
2020-05-25 20:02:06,531 : INFO : EventManager : Event: ======'machine_var_audits_switches_s_main_4_target'====== Args={'value': 37, 'prev_value': None, 'change': True}
2020-05-25 20:02:06,531 : INFO : EventManager : Event: ======'machine_var_audits_switches_s_main_5_target'====== Args={'value': 51, 'prev_value': None, 'change': True}
2020-05-25 20:02:06,531 : INFO : EventManager : Event: ======'machine_var_audits_switches_s_main_inlane_left'====== Args={'value': 15, 'prev_value': None, 'change': True}
2020-05-25 20:02:06,547 : INFO : EventManager : Event: ======'machine_var_audits_switches_s_main_inlane_right'====== Args={'value': 63, 'prev_value': None, 'change': True}
2020-05-25 20:02:06,547 : INFO : EventManager : Event: ======'machine_var_audits_switches_s_main_kickout_right'====== Args={'value': 126, 'prev_value': None, 'change': True}
2020-05-25 20:02:06,547 : INFO : EventManager : Event: ======'machine_var_audits_switches_s_main_lane_center'====== Args={'value': 82, 'prev_value': None, 'change': True}
2020-05-25 20:02:06,563 : INFO : EventManager : Event: ======'machine_var_audits_switches_s_main_outhole'====== Args={'value': 370, 'prev_value': None, 'change': True}
2020-05-25 20:02:06,563 : INFO : EventManager : Event: ======'machine_var_audits_switches_s_main_outlane_left'====== Args={'value': 13, 'prev_value': None, 'change': True}
2020-05-25 20:02:06,578 : INFO : EventManager : Event: ======'machine_var_audits_switches_s_main_outlane_right'====== Args={'value': 40, 'prev_value': None, 'change': True}
2020-05-25 20:02:06,578 : INFO : EventManager : Event: ======'machine_var_audits_switches_s_main_pop_bottom'====== Args={'value': 130, 'prev_value': None, 'change': True}
2020-05-25 20:02:06,578 : INFO : EventManager : Event: ======'machine_var_audits_switches_s_main_pop_top'====== Args={'value': 111, 'prev_value': None, 'change': True}
2020-05-25 20:02:06,594 : INFO : EventManager : Event: ======'machine_var_audits_switches_s_main_rollunder'====== Args={'value': 74, 'prev_value': None, 'change': True}
2020-05-25 20:02:06,594 : INFO : EventManager : Event: ======'machine_var_audits_switches_s_main_roundabout_rollunder'====== Args={'value': 52, 'prev_value': None, 'change': True}
2020-05-25 20:02:06,594 : INFO : EventManager : Event: ======'machine_var_audits_switches_s_main_secret_trough'====== Args={'value': 21, 'prev_value': None, 'change': True}
2020-05-25 20:02:06,609 : INFO : EventManager : Event: ======'machine_var_audits_switches_s_main_slingshot'====== Args={'value': 222, 'prev_value': None, 'change': True}
2020-05-25 20:02:06,609 : INFO : EventManager : Event: ======'machine_var_audits_switches_s_main_target_right'====== Args={'value': 115, 'prev_value': None, 'change': True}
2020-05-25 20:02:06,625 : INFO : EventManager : Event: ======'machine_var_audits_switches_s_main_trapdoor_trough'====== Args={'value': 0, 'prev_value': None, 'change': True}
2020-05-25 20:02:06,625 : INFO : EventManager : Event: ======'machine_var_audits_switches_s_main_vuk'====== Args={'value': 220, 'prev_value': None, 'change': True}
2020-05-25 20:02:06,625 : INFO : EventManager : Event: ======'machine_var_audits_switches_s_right_flipper1'====== Args={'value': 195, 'prev_value': None, 'change': True}
2020-05-25 20:02:06,641 : INFO : EventManager : Event: ======'machine_var_audits_switches_s_right_flipper2'====== Args={'value': 257, 'prev_value': None, 'change': True}
2020-05-25 20:02:06,641 : INFO : EventManager : Event: ======'machine_var_audits_switches_s_start'====== Args={'value': 1, 'prev_value': None, 'change': True}
2020-05-25 20:02:06,656 : INFO : EventManager : Event: ======'machine_var_audits_switches_s_upper_10pt_center'====== Args={'value': 164, 'prev_value': None, 'change': True}
2020-05-25 20:02:06,656 : INFO : EventManager : Event: ======'machine_var_audits_switches_s_upper_10pt_left'====== Args={'value': 106, 'prev_value': None, 'change': True}
2020-05-25 20:02:06,656 : INFO : EventManager : Event: ======'machine_var_audits_switches_s_upper_1_drop'====== Args={'value': 51, 'prev_value': None, 'change': True}
2020-05-25 20:02:06,672 : INFO : EventManager : Event: ======'machine_var_audits_switches_s_upper_1_target'====== Args={'value': 86, 'prev_value': None, 'change': True}
2020-05-25 20:02:06,672 : INFO : EventManager : Event: ======'machine_var_audits_switches_s_upper_2_drop'====== Args={'value': 52, 'prev_value': None, 'change': True}
2020-05-25 20:02:06,687 : INFO : EventManager : Event: ======'machine_var_audits_switches_s_upper_2_target'====== Args={'value': 132, 'prev_value': None, 'change': True}
2020-05-25 20:02:06,687 : INFO : EventManager : Event: ======'machine_var_audits_switches_s_upper_3_drop'====== Args={'value': 54, 'prev_value': None, 'change': True}
2020-05-25 20:02:06,687 : INFO : EventManager : Event: ======'machine_var_audits_switches_s_upper_3_target'====== Args={'value': 58, 'prev_value': None, 'change': True}
2020-05-25 20:02:06,703 : INFO : EventManager : Event: ======'machine_var_audits_switches_s_upper_4_drop'====== Args={'value': 75, 'prev_value': None, 'change': True}
2020-05-25 20:02:06,703 : INFO : EventManager : Event: ======'machine_var_audits_switches_s_upper_4_target'====== Args={'value': 55, 'prev_value': None, 'change': True}
2020-05-25 20:02:06,719 : INFO : EventManager : Event: ======'machine_var_audits_switches_s_upper_pop'====== Args={'value': 475, 'prev_value': None, 'change': True}
2020-05-25 20:02:06,719 : INFO : EventManager : Event: ======'init_phase_5'====== Args={}
2020-05-25 20:02:06,734 : ERROR : Machine : Runtime Exception
Traceback (most recent call last):
  File "c:\users\hans\appdata\local\programs\python\python36-32\lib\site-packages\mpf\file_interfaces\yaml_interface.py", line 193, in load
    config = self.process(f)
  File "c:\users\hans\appdata\local\programs\python\python36-32\lib\site-packages\mpf\file_interfaces\yaml_interface.py", line 218, in process
    return yaml.load(data_string, Loader=MpfLoader)
  File "c:\users\hans\appdata\local\programs\python\python36-32\lib\site-packages\ruamel\yaml\main.py", line 935, in load
    return loader._constructor.get_single_data()
  File "c:\users\hans\appdata\local\programs\python\python36-32\lib\site-packages\ruamel\yaml\constructor.py", line 109, in get_single_data
    node = self.composer.get_single_node()
  File "c:\users\hans\appdata\local\programs\python\python36-32\lib\site-packages\ruamel\yaml\composer.py", line 78, in get_single_node
    document = self.compose_document()
  File "c:\users\hans\appdata\local\programs\python\python36-32\lib\site-packages\ruamel\yaml\composer.py", line 101, in compose_document
    node = self.compose_node(None, None)
  File "c:\users\hans\appdata\local\programs\python\python36-32\lib\site-packages\ruamel\yaml\composer.py", line 136, in compose_node
    node = self.compose_sequence_node(anchor)
  File "c:\users\hans\appdata\local\programs\python\python36-32\lib\site-packages\ruamel\yaml\composer.py", line 179, in compose_sequence_node
    while not self.parser.check_event(SequenceEndEvent):
  File "c:\users\hans\appdata\local\programs\python\python36-32\lib\site-packages\ruamel\yaml\parser.py", line 141, in check_event
    self.current_event = self.state()
  File "c:\users\hans\appdata\local\programs\python\python36-32\lib\site-packages\ruamel\yaml\parser.py", line 517, in parse_block_sequence_entry
    token.start_mark,
ruamel.yaml.parser.ParserError: while parsing a block collection
  in "C:\pinball\HauntedHouse\modes\attract\shows\attract_light_show.yaml", line 3, column 1
expected <block end>, but found '<block sequence start>'
  in "C:\pinball\HauntedHouse\modes\attract\shows\attract_light_show.yaml", line 18, column 2

During handling of the above exception, another exception occurred:

Traceback (most recent call last):
  File "c:\users\hans\appdata\local\programs\python\python36-32\lib\site-packages\mpf\core\machine.py", line 765, in _run_loop
    raise self._exception['exception']
  File "c:\users\hans\appdata\local\programs\python\python36-32\lib\asyncio\events.py", line 145, in _run
    self._callback(*self._args)
  File "c:\users\hans\appdata\local\programs\python\python36-32\lib\site-packages\mpf\core\assets.py", line 634, in _done
    future.result()
  File "c:\users\hans\appdata\local\programs\python\python36-32\lib\site-packages\mpf\core\assets.py", line 616, in wait_for_asset_load
    result = self._load_sync(asset)
  File "c:\users\hans\appdata\local\programs\python\python36-32\lib\site-packages\mpf\core\assets.py", line 609, in _load_sync
    asset.do_load()
  File "c:\users\hans\appdata\local\programs\python\python36-32\lib\site-packages\mpf\assets\show.py", line 90, in do_load
    self._do_load_show(None)
  File "c:\users\hans\appdata\local\programs\python\python36-32\lib\site-packages\mpf\assets\show.py", line 123, in _do_load_show
    data = self.load_show_from_disk()
  File "c:\users\hans\appdata\local\programs\python\python36-32\lib\site-packages\mpf\assets\show.py", line 423, in load_show_from_disk
    store_to_cache=self.machine.options['create_config_cache'])
  File "c:\users\hans\appdata\local\programs\python\python36-32\lib\site-packages\mpf\core\config_processor.py", line 113, in load_config_files_with_cache
    ignore_unknown_sections)
  File "c:\users\hans\appdata\local\programs\python\python36-32\lib\site-packages\mpf\core\config_processor.py", line 169, in _load_config_file_and_return_loaded_files
    config = FileManager.load(filename, expected_version_str, True)
  File "c:\users\hans\appdata\local\programs\python\python36-32\lib\site-packages\mpf\core\file_manager.py", line 98, in load
    return interface.load(file, verify_version, halt_on_error)
  File "c:\users\hans\appdata\local\programs\python\python36-32\lib\site-packages\mpf\file_interfaces\yaml_interface.py", line 200, in load
    raise ValueError(msg)
ValueError: YAML error found in file C:\pinball\HauntedHouse\modes\attract\shows\attract_light_show.yaml. Line 18, Position 2: while parsing a block collection
  in "C:\pinball\HauntedHouse\modes\attract\shows\attract_light_show.yaml", line 3, column 1
expected <block end>, but found '<block sequence start>'
  in "C:\pinball\HauntedHouse\modes\attract\shows\attract_light_show.yaml", line 18, column 2
2020-05-25 20:02:06,843 : INFO : root : MPF run loop ended.
