2024-11-04 19:17:06,627 : INFO : root : Loading config.
2024-11-04 19:17:06,629 : INFO : YamlMultifileConfigLoader : Machine config file #1: config.yaml
2024-11-04 19:17:06,629 : INFO : ConfigProcessor : Loading config from cache: /tmp/248da7825a7099821037453685569d45.mpf_cache
2024-11-04 19:17:06,653 : INFO : ConfigProcessor : Loading config from cache: /tmp/95514865456cf95aac1ab02b2b9c91d4.mpf_cache
2024-11-04 19:17:06,654 : INFO : ConfigProcessor : Loading config from cache: /tmp/03ef85df1864fb5ef5b7e38cbf9eb8a8.mpf_cache
2024-11-04 19:17:06,654 : INFO : ConfigProcessor : Loading config from cache: /tmp/6dcc9600f5dbf9a99f5346cc5ca34ea9.mpf_cache
2024-11-04 19:17:06,654 : INFO : ConfigProcessor : Loading config from cache: /tmp/95514865456cf95aac1ab02b2b9c91d4.mpf_cache
2024-11-04 19:17:06,654 : INFO : ConfigProcessor : Loading config from cache: /tmp/2e5ac6493c6686883ff244e5da957f67.mpf_cache
2024-11-04 19:17:06,655 : INFO : Machine : Mission Pinball Framework Core Engine v0.80.0.dev5
2024-11-04 19:17:06,655 : INFO : Machine : Command line arguments: {'no_load_cache': False, 'create_config_cache': True, 'bcp': True, 'configfile': ['config.yaml'], 'force_assets_load': False, 'platform_integration_test': False, 'jsonlogging': False, 'logfile': 'logs/2024-11-04-19-17-06-mpf-caw-System-Product-Name.log', 'pause': False, 'production': False, 'text_ui': True, 'loglevel': 15, 'consoleloglevel': 20, 'force_platform': 'virtual', 'syslog_address': None, 'full_logfile_path': '/home/caw/pinball/hauntedhouse/logs/2024-11-04-19-17-06-mpf-caw-System-Product-Name.log'}
2024-11-04 19:17:06,655 : INFO : Machine : MPF path: /home/caw/miniconda3/envs/envp311/lib/python3.11/site-packages/mpf
2024-11-04 19:17:06,655 : INFO : Machine : Machine path: /home/caw/pinball/hauntedhouse
2024-11-04 19:17:06,655 : INFO : Machine : Platform: linux
2024-11-04 19:17:06,655 : INFO : Machine : Python executable location: /home/caw/miniconda3/envs/envp311/bin/python
2024-11-04 19:17:06,655 : INFO : Machine : Python version: 3.11.10 (64-bit)
2024-11-04 19:17:06,655 : INFO : Machine : Initializing MPF...
2024-11-04 19:17:06,678 : INFO : EventManager : Event: ======'machine_var_credits_string'====== Args={'value': 'FREE PLAY', 'prev_value': None, 'change': True}
2024-11-04 19:17:06,683 : INFO : EventManager : Event: ======'machine_var_player1_score'====== Args={'value': 75800, 'prev_value': None, 'change': True}
2024-11-04 19:17:06,684 : INFO : EventManager : Event: ======'machine_var_master_volume'====== Args={'value': 0.5, 'prev_value': None, 'change': True}
2024-11-04 19:17:06,684 : INFO : EventManager : Event: ======'machine_var_mpf_version'====== Args={'value': 'Mission Pinball Framework v0.80.0.dev5', 'prev_value': None, 'change': True}
2024-11-04 19:17:06,684 : INFO : EventManager : Event: ======'machine_var_mpf_extended_version'====== Args={'value': 'Mission Pinball Framework v0.80.0.dev5, Config version:6, Show version: 6, BCP version:1.1', 'prev_value': None, 'change': True}
2024-11-04 19:17:06,684 : INFO : EventManager : Event: ======'machine_var_python_version'====== Args={'value': '3.11.10', 'prev_value': None, 'change': True}
2024-11-04 19:17:06,685 : INFO : EventManager : Event: ======'machine_var_platform'====== Args={'value': 'Linux-6.8.0-48-generic-x86_64-with-glibc2.39', 'prev_value': None, 'change': True}
2024-11-04 19:17:06,685 : INFO : EventManager : Event: ======'machine_var_platform_system'====== Args={'value': 'Linux', 'prev_value': None, 'change': True}
2024-11-04 19:17:06,685 : INFO : EventManager : Event: ======'machine_var_platform_release'====== Args={'value': '6.8.0-48-generic', 'prev_value': None, 'change': True}
2024-11-04 19:17:06,685 : INFO : EventManager : Event: ======'machine_var_platform_version'====== Args={'value': '#48-Ubuntu SMP PREEMPT_DYNAMIC Fri Sep 27 14:04:52 UTC 2024', 'prev_value': None, 'change': True}
2024-11-04 19:17:06,685 : INFO : EventManager : Event: ======'machine_var_platform_machine'====== Args={'value': 'x86_64', 'prev_value': None, 'change': True}
2024-11-04 19:17:06,685 : INFO : EventManager : Event: ======'machine_var_log_file_path'====== Args={'value': '/home/caw/pinball/hauntedhouse/logs/2024-11-04-19-17-06-mpf-caw-System-Product-Name.log', 'prev_value': None, 'change': True}
2024-11-04 19:17:06,685 : INFO : EventManager : Event: ======'init_phase_1'====== Args={}
2024-11-04 19:17:06,702 : INFO : EventManager : Event: ======'drop_target_bank_upper_up'====== Args={}
2024-11-04 19:17:06,702 : INFO : EventManager : Event: ======'drop_target_bank_lower_up'====== Args={}
2024-11-04 19:17:06,702 : INFO : EventManager : Event: ======'init_phase_2'====== Args={}
2024-11-04 19:17:06,706 : INFO : EventManager : Event: ======'bcp_connection_attempt'====== Args={'name': 'local_display', 'host': 'localhost', 'port': 5050}
2024-11-04 19:17:06,707 : INFO : BCPClientSocket : Connecting BCP to 'local_display' at localhost:5050...
2024-11-04 19:17:11,748 : INFO : BCPClientSocket : Connected BCP to 'local_display' localhost:5050
2024-11-04 19:17:11,749 : INFO : EventManager : Event: ======'bcp_clients_connected'====== Args={}
2024-11-04 19:17:11,750 : INFO : ball_device.bd_drain : BCH: Initial count: 0
2024-11-04 19:17:11,750 : INFO : ball_device.bd_drain : State: idle
2024-11-04 19:17:11,750 : INFO : ball_device.bd_lower_vuk : BCH: Initial count: 0
2024-11-04 19:17:11,750 : INFO : ball_device.bd_lower_vuk : State: idle
2024-11-04 19:17:11,751 : INFO : ball_device.bd_lower_kickout_special : BCH: Initial count: 0
2024-11-04 19:17:11,751 : INFO : ball_device.bd_lower_kickout_special : State: idle
2024-11-04 19:17:11,751 : INFO : ball_device.bd_main_vuk : BCH: Initial count: 0
2024-11-04 19:17:11,751 : INFO : ball_device.bd_main_vuk : State: idle
2024-11-04 19:17:11,751 : INFO : ball_device.bd_main_kickout_right : BCH: Initial count: 0
2024-11-04 19:17:11,751 : INFO : ball_device.bd_main_kickout_right : State: idle
2024-11-04 19:17:11,751 : INFO : ball_device.bd_main_kickout_lane : BCH: Initial count: 0
2024-11-04 19:17:11,751 : INFO : ball_device.bd_main_kickout_lane : State: idle
2024-11-04 19:17:11,756 : INFO : EventManager : Event: ======'init_phase_3'====== Args={}
2024-11-04 19:17:11,757 : INFO : EventManager : Event: ======'init_phase_4'====== Args={}
2024-11-04 19:17:11,757 : INFO : BallController : Initial balls found: 0
2024-11-04 19:17:11,758 : INFO : EventManager : Event: ======'machine_var_audits_events_game_ended'====== Args={'value': 58, 'prev_value': None, 'change': True}
2024-11-04 19:17:11,758 : INFO : EventManager : Event: ======'machine_var_audits_events_game_started'====== Args={'value': 110, 'prev_value': None, 'change': True}
2024-11-04 19:17:11,758 : INFO : EventManager : Event: ======'machine_var_audits_player_score'====== Args={'value': {'average': 30389.508196721312, 'top': [211150, 162330, 120480, 114590, 92630, 78890, 76090, 75800, 75650, 71920], 'total': 61}, 'prev_value': None, 'change': True}
2024-11-04 19:17:11,758 : INFO : EventManager : Event: ======'machine_var_audits_shots_10pt'====== Args={'value': 216, 'prev_value': None, 'change': True}
2024-11-04 19:17:11,758 : INFO : EventManager : Event: ======'machine_var_audits_shots_left_inlane'====== Args={'value': 15, 'prev_value': None, 'change': True}
2024-11-04 19:17:11,758 : INFO : EventManager : Event: ======'machine_var_audits_shots_left_outlane'====== Args={'value': 11, 'prev_value': None, 'change': True}
2024-11-04 19:17:11,758 : INFO : EventManager : Event: ======'machine_var_audits_shots_lower_10pt_drops'====== Args={'value': 34, 'prev_value': None, 'change': True}
2024-11-04 19:17:11,758 : INFO : EventManager : Event: ======'machine_var_audits_shots_lower_10pt_lower'====== Args={'value': 11, 'prev_value': None, 'change': True}
2024-11-04 19:17:11,758 : INFO : EventManager : Event: ======'machine_var_audits_shots_lower_10pt_upper'====== Args={'value': 12, 'prev_value': None, 'change': True}
2024-11-04 19:17:11,758 : INFO : EventManager : Event: ======'machine_var_audits_shots_lower_1_drop'====== Args={'value': 39, 'prev_value': None, 'change': True}
2024-11-04 19:17:11,758 : INFO : EventManager : Event: ======'machine_var_audits_shots_lower_2_drop'====== Args={'value': 7, 'prev_value': None, 'change': True}
2024-11-04 19:17:11,758 : INFO : EventManager : Event: ======'machine_var_audits_shots_lower_3_drop'====== Args={'value': 9, 'prev_value': None, 'change': True}
2024-11-04 19:17:11,758 : INFO : EventManager : Event: ======'machine_var_audits_shots_lower_4_drop'====== Args={'value': 14, 'prev_value': None, 'change': True}
2024-11-04 19:17:11,758 : INFO : EventManager : Event: ======'machine_var_audits_shots_lower_5_drop'====== Args={'value': 13, 'prev_value': None, 'change': True}
2024-11-04 19:17:11,758 : INFO : EventManager : Event: ======'machine_var_audits_shots_lower_hole'====== Args={'value': 16, 'prev_value': None, 'change': True}
2024-11-04 19:17:11,759 : INFO : EventManager : Event: ======'machine_var_audits_shots_lower_kick_target'====== Args={'value': 2, 'prev_value': None, 'change': True}
2024-11-04 19:17:11,759 : INFO : EventManager : Event: ======'machine_var_audits_shots_lower_left'====== Args={'value': 7, 'prev_value': None, 'change': True}
2024-11-04 19:17:11,759 : INFO : EventManager : Event: ======'machine_var_audits_shots_lower_left_pop'====== Args={'value': 132, 'prev_value': None, 'change': True}
2024-11-04 19:17:11,759 : INFO : EventManager : Event: ======'machine_var_audits_shots_lower_pop'====== Args={'value': 27, 'prev_value': None, 'change': True}
2024-11-04 19:17:11,759 : INFO : EventManager : Event: ======'machine_var_audits_shots_lower_right'====== Args={'value': 4, 'prev_value': None, 'change': True}
2024-11-04 19:17:11,759 : INFO : EventManager : Event: ======'machine_var_audits_shots_lower_rollover'====== Args={'value': 27, 'prev_value': None, 'change': True}
2024-11-04 19:17:11,759 : INFO : EventManager : Event: ======'machine_var_audits_shots_lower_slingshot'====== Args={'value': 17, 'prev_value': None, 'change': True}
2024-11-04 19:17:11,759 : INFO : EventManager : Event: ======'machine_var_audits_shots_main_1'====== Args={'value': 25, 'prev_value': None, 'change': True}
2024-11-04 19:17:11,759 : INFO : EventManager : Event: ======'machine_var_audits_shots_main_2'====== Args={'value': 27, 'prev_value': None, 'change': True}
2024-11-04 19:17:11,759 : INFO : EventManager : Event: ======'machine_var_audits_shots_main_3'====== Args={'value': 22, 'prev_value': None, 'change': True}
2024-11-04 19:17:11,759 : INFO : EventManager : Event: ======'machine_var_audits_shots_main_4'====== Args={'value': 26, 'prev_value': None, 'change': True}
2024-11-04 19:17:11,759 : INFO : EventManager : Event: ======'machine_var_audits_shots_main_5'====== Args={'value': 18, 'prev_value': None, 'change': True}
2024-11-04 19:17:11,759 : INFO : EventManager : Event: ======'machine_var_audits_shots_main_slingshot'====== Args={'value': 33, 'prev_value': None, 'change': True}
2024-11-04 19:17:11,759 : INFO : EventManager : Event: ======'machine_var_audits_shots_right_inlane'====== Args={'value': 68, 'prev_value': None, 'change': True}
2024-11-04 19:17:11,759 : INFO : EventManager : Event: ======'machine_var_audits_shots_right_kickout'====== Args={'value': 32, 'prev_value': None, 'change': True}
2024-11-04 19:17:11,759 : INFO : EventManager : Event: ======'machine_var_audits_shots_right_outlane'====== Args={'value': 43, 'prev_value': None, 'change': True}
2024-11-04 19:17:11,759 : INFO : EventManager : Event: ======'machine_var_audits_shots_rollunder'====== Args={'value': 87, 'prev_value': None, 'change': True}
2024-11-04 19:17:11,760 : INFO : EventManager : Event: ======'machine_var_audits_shots_standup_right'====== Args={'value': 88, 'prev_value': None, 'change': True}
2024-11-04 19:17:11,760 : INFO : EventManager : Event: ======'machine_var_audits_shots_upper_1'====== Args={'value': 30, 'prev_value': None, 'change': True}
2024-11-04 19:17:11,760 : INFO : EventManager : Event: ======'machine_var_audits_shots_upper_1_drop'====== Args={'value': 49, 'prev_value': None, 'change': True}
2024-11-04 19:17:11,760 : INFO : EventManager : Event: ======'machine_var_audits_shots_upper_2'====== Args={'value': 57, 'prev_value': None, 'change': True}
2024-11-04 19:17:11,760 : INFO : EventManager : Event: ======'machine_var_audits_shots_upper_2_drop'====== Args={'value': 35, 'prev_value': None, 'change': True}
2024-11-04 19:17:11,760 : INFO : EventManager : Event: ======'machine_var_audits_shots_upper_3'====== Args={'value': 23, 'prev_value': None, 'change': True}
2024-11-04 19:17:11,760 : INFO : EventManager : Event: ======'machine_var_audits_shots_upper_3_drop'====== Args={'value': 53, 'prev_value': None, 'change': True}
2024-11-04 19:17:11,760 : INFO : EventManager : Event: ======'machine_var_audits_shots_upper_4'====== Args={'value': 19, 'prev_value': None, 'change': True}
2024-11-04 19:17:11,760 : INFO : EventManager : Event: ======'machine_var_audits_shots_upper_4_drop'====== Args={'value': 66, 'prev_value': None, 'change': True}
2024-11-04 19:17:11,760 : INFO : EventManager : Event: ======'machine_var_audits_shots_upper_left_pop'====== Args={'value': 51, 'prev_value': None, 'change': True}
2024-11-04 19:17:11,760 : INFO : EventManager : Event: ======'machine_var_audits_shots_upper_pop'====== Args={'value': 524, 'prev_value': None, 'change': True}
2024-11-04 19:17:11,760 : INFO : EventManager : Event: ======'machine_var_audits_switches_s_left_flipper1'====== Args={'value': 328, 'prev_value': None, 'change': True}
2024-11-04 19:17:11,760 : INFO : EventManager : Event: ======'machine_var_audits_switches_s_left_flipper2'====== Args={'value': 389, 'prev_value': None, 'change': True}
2024-11-04 19:17:11,760 : INFO : EventManager : Event: ======'machine_var_audits_switches_s_lower_10pt_UPPER'====== Args={'value': 0, 'prev_value': None, 'change': True}
2024-11-04 19:17:11,760 : INFO : EventManager : Event: ======'machine_var_audits_switches_s_lower_10pt_drops'====== Args={'value': 34, 'prev_value': None, 'change': True}
2024-11-04 19:17:11,761 : INFO : EventManager : Event: ======'machine_var_audits_switches_s_lower_10pt_lower'====== Args={'value': 11, 'prev_value': None, 'change': True}
2024-11-04 19:17:11,761 : INFO : EventManager : Event: ======'machine_var_audits_switches_s_lower_10pt_upper'====== Args={'value': 12, 'prev_value': None, 'change': True}
2024-11-04 19:17:11,761 : INFO : EventManager : Event: ======'machine_var_audits_switches_s_lower_1_drop'====== Args={'value': 393, 'prev_value': None, 'change': True}
2024-11-04 19:17:11,761 : INFO : EventManager : Event: ======'machine_var_audits_switches_s_lower_2_drop'====== Args={'value': 7, 'prev_value': None, 'change': True}
2024-11-04 19:17:11,761 : INFO : EventManager : Event: ======'machine_var_audits_switches_s_lower_3_drop'====== Args={'value': 9, 'prev_value': None, 'change': True}
2024-11-04 19:17:11,761 : INFO : EventManager : Event: ======'machine_var_audits_switches_s_lower_4_drop'====== Args={'value': 14, 'prev_value': None, 'change': True}
2024-11-04 19:17:11,761 : INFO : EventManager : Event: ======'machine_var_audits_switches_s_lower_5_drop'====== Args={'value': 13, 'prev_value': None, 'change': True}
2024-11-04 19:17:11,761 : INFO : EventManager : Event: ======'machine_var_audits_switches_s_lower_bonus_left'====== Args={'value': 7, 'prev_value': None, 'change': True}
2024-11-04 19:17:11,761 : INFO : EventManager : Event: ======'machine_var_audits_switches_s_lower_bonus_right'====== Args={'value': 4, 'prev_value': None, 'change': True}
2024-11-04 19:17:11,761 : INFO : EventManager : Event: ======'machine_var_audits_switches_s_lower_kick_target'====== Args={'value': 2, 'prev_value': None, 'change': True}
2024-11-04 19:17:11,761 : INFO : EventManager : Event: ======'machine_var_audits_switches_s_lower_kickout_special'====== Args={'value': 16, 'prev_value': None, 'change': True}
2024-11-04 19:17:11,761 : INFO : EventManager : Event: ======'machine_var_audits_switches_s_lower_pop'====== Args={'value': 27, 'prev_value': None, 'change': True}
2024-11-04 19:17:11,761 : INFO : EventManager : Event: ======'machine_var_audits_switches_s_lower_rollover'====== Args={'value': 55, 'prev_value': None, 'change': True}
2024-11-04 19:17:11,761 : INFO : EventManager : Event: ======'machine_var_audits_switches_s_lower_slingshot'====== Args={'value': 17, 'prev_value': None, 'change': True}
2024-11-04 19:17:11,762 : INFO : EventManager : Event: ======'machine_var_audits_switches_s_lower_vuk'====== Args={'value': 220, 'prev_value': None, 'change': True}
2024-11-04 19:17:11,762 : INFO : EventManager : Event: ======'machine_var_audits_switches_s_main_10pt_left'====== Args={'value': 21, 'prev_value': None, 'change': True}
2024-11-04 19:17:11,762 : INFO : EventManager : Event: ======'machine_var_audits_switches_s_main_1_target'====== Args={'value': 52, 'prev_value': None, 'change': True}
2024-11-04 19:17:11,762 : INFO : EventManager : Event: ======'machine_var_audits_switches_s_main_1_trough'====== Args={'value': 33, 'prev_value': None, 'change': True}
2024-11-04 19:17:11,762 : INFO : EventManager : Event: ======'machine_var_audits_switches_s_main_2_target'====== Args={'value': 50, 'prev_value': None, 'change': True}
2024-11-04 19:17:11,762 : INFO : EventManager : Event: ======'machine_var_audits_switches_s_main_2_trough'====== Args={'value': 59, 'prev_value': None, 'change': True}
2024-11-04 19:17:11,762 : INFO : EventManager : Event: ======'machine_var_audits_switches_s_main_3_target'====== Args={'value': 22, 'prev_value': None, 'change': True}
2024-11-04 19:17:11,762 : INFO : EventManager : Event: ======'machine_var_audits_switches_s_main_4_target'====== Args={'value': 42, 'prev_value': None, 'change': True}
2024-11-04 19:17:11,762 : INFO : EventManager : Event: ======'machine_var_audits_switches_s_main_5_target'====== Args={'value': 52, 'prev_value': None, 'change': True}
2024-11-04 19:17:11,762 : INFO : EventManager : Event: ======'machine_var_audits_switches_s_main_inlane_left'====== Args={'value': 18, 'prev_value': None, 'change': True}
2024-11-04 19:17:11,762 : INFO : EventManager : Event: ======'machine_var_audits_switches_s_main_inlane_right'====== Args={'value': 73, 'prev_value': None, 'change': True}
2024-11-04 19:17:11,762 : INFO : EventManager : Event: ======'machine_var_audits_switches_s_main_kickout_right'====== Args={'value': 130, 'prev_value': None, 'change': True}
2024-11-04 19:17:11,763 : INFO : EventManager : Event: ======'machine_var_audits_switches_s_main_lane_center'====== Args={'value': 95, 'prev_value': None, 'change': True}
2024-11-04 19:17:11,763 : INFO : EventManager : Event: ======'machine_var_audits_switches_s_main_outhole'====== Args={'value': 394, 'prev_value': None, 'change': True}
2024-11-04 19:17:11,763 : INFO : EventManager : Event: ======'machine_var_audits_switches_s_main_outlane_left'====== Args={'value': 18, 'prev_value': None, 'change': True}
2024-11-04 19:17:11,763 : INFO : EventManager : Event: ======'machine_var_audits_switches_s_main_outlane_right'====== Args={'value': 44, 'prev_value': None, 'change': True}
2024-11-04 19:17:11,763 : INFO : EventManager : Event: ======'machine_var_audits_switches_s_main_pop_bottom'====== Args={'value': 160, 'prev_value': None, 'change': True}
2024-11-04 19:17:11,763 : INFO : EventManager : Event: ======'machine_var_audits_switches_s_main_pop_top'====== Args={'value': 116, 'prev_value': None, 'change': True}
2024-11-04 19:17:11,763 : INFO : EventManager : Event: ======'machine_var_audits_switches_s_main_rollunder'====== Args={'value': 87, 'prev_value': None, 'change': True}
2024-11-04 19:17:11,763 : INFO : EventManager : Event: ======'machine_var_audits_switches_s_main_roundabout_rollunder'====== Args={'value': 52, 'prev_value': None, 'change': True}
2024-11-04 19:17:11,763 : INFO : EventManager : Event: ======'machine_var_audits_switches_s_main_secret_trough'====== Args={'value': 28, 'prev_value': None, 'change': True}
2024-11-04 19:17:11,763 : INFO : EventManager : Event: ======'machine_var_audits_switches_s_main_slingshot'====== Args={'value': 228, 'prev_value': None, 'change': True}
2024-11-04 19:17:11,763 : INFO : EventManager : Event: ======'machine_var_audits_switches_s_main_target_right'====== Args={'value': 141, 'prev_value': None, 'change': True}
2024-11-04 19:17:11,764 : INFO : EventManager : Event: ======'machine_var_audits_switches_s_main_trapdoor_trough'====== Args={'value': 0, 'prev_value': None, 'change': True}
2024-11-04 19:17:11,764 : INFO : EventManager : Event: ======'machine_var_audits_switches_s_main_vuk'====== Args={'value': 257, 'prev_value': None, 'change': True}
2024-11-04 19:17:11,764 : INFO : EventManager : Event: ======'machine_var_audits_switches_s_right_flipper1'====== Args={'value': 296, 'prev_value': None, 'change': True}
2024-11-04 19:17:11,764 : INFO : EventManager : Event: ======'machine_var_audits_switches_s_right_flipper2'====== Args={'value': 349, 'prev_value': None, 'change': True}
2024-11-04 19:17:11,764 : INFO : EventManager : Event: ======'machine_var_audits_switches_s_start'====== Args={'value': 6, 'prev_value': None, 'change': True}
2024-11-04 19:17:11,764 : INFO : EventManager : Event: ======'machine_var_audits_switches_s_upper_10pt_center'====== Args={'value': 185, 'prev_value': None, 'change': True}
2024-11-04 19:17:11,764 : INFO : EventManager : Event: ======'machine_var_audits_switches_s_upper_10pt_left'====== Args={'value': 119, 'prev_value': None, 'change': True}
2024-11-04 19:17:11,764 : INFO : EventManager : Event: ======'machine_var_audits_switches_s_upper_1_drop'====== Args={'value': 57, 'prev_value': None, 'change': True}
2024-11-04 19:17:11,764 : INFO : EventManager : Event: ======'machine_var_audits_switches_s_upper_1_target'====== Args={'value': 91, 'prev_value': None, 'change': True}
2024-11-04 19:17:11,764 : INFO : EventManager : Event: ======'machine_var_audits_switches_s_upper_2_drop'====== Args={'value': 52, 'prev_value': None, 'change': True}
2024-11-04 19:17:11,765 : INFO : EventManager : Event: ======'machine_var_audits_switches_s_upper_2_target'====== Args={'value': 143, 'prev_value': None, 'change': True}
2024-11-04 19:17:11,765 : INFO : EventManager : Event: ======'machine_var_audits_switches_s_upper_3_drop'====== Args={'value': 63, 'prev_value': None, 'change': True}
2024-11-04 19:17:11,765 : INFO : EventManager : Event: ======'machine_var_audits_switches_s_upper_3_target'====== Args={'value': 60, 'prev_value': None, 'change': True}
2024-11-04 19:17:11,765 : INFO : EventManager : Event: ======'machine_var_audits_switches_s_upper_4_drop'====== Args={'value': 84, 'prev_value': None, 'change': True}
2024-11-04 19:17:11,765 : INFO : EventManager : Event: ======'machine_var_audits_switches_s_upper_4_target'====== Args={'value': 57, 'prev_value': None, 'change': True}
2024-11-04 19:17:11,765 : INFO : EventManager : Event: ======'machine_var_audits_switches_s_upper_pop'====== Args={'value': 756, 'prev_value': None, 'change': True}
2024-11-04 19:17:11,765 : INFO : EventManager : Event: ======'init_phase_5'====== Args={}
2024-11-04 19:17:11,768 : INFO : EventManager : Event: ======'init_done'====== Args={}
2024-11-04 19:17:11,768 : INFO : EventManager : Event: ======'machine_reset_phase_1'====== Args={}
2024-11-04 19:17:11,773 : INFO : EventManager : Event: ======'machine_reset_phase_2'====== Args={}
2024-11-04 19:17:11,773 : INFO : EventManager : Event: ======'machine_reset_phase_3'====== Args={}
2024-11-04 19:17:11,773 : INFO : drop_target_bank.upper : All targets are already up. Will not reset bank.
2024-11-04 19:17:11,773 : INFO : drop_target_bank.lower : All targets are already up. Will not reset bank.
2024-11-04 19:17:11,773 : INFO : EventManager : Event: ======'reset_complete'====== Args={}
2024-11-04 19:17:11,774 : INFO : EventManager : Event: ======'mode_attract_will_start'====== Args={}
2024-11-04 19:17:11,774 : INFO : EventManager : Event: ======'mode_attract_starting'====== Args={}
2024-11-04 19:17:11,774 : INFO : Mode.attract : Started. Priority: 10
2024-11-04 19:17:11,774 : INFO : EventManager : Event: ======'modes_active_modes_changed'====== Args={}
2024-11-04 19:17:11,774 : INFO : EventManager : Event: ======'mode_attract_started'====== Args={}
2024-11-04 19:17:11,775 : INFO : EventManager : Event: ======'collecting_balls_complete'====== Args={}
2024-11-04 19:17:11,777 : INFO : Machine : Starting the main run loop with active modes: [<Mode.attract>]
2024-11-04 19:17:11,792 : INFO : EventManager : Event: ======'slide_attract_created'====== Args={'_from_bcp': True}
2024-11-04 19:17:11,833 : INFO : EventManager : Event: ======'slide__removed'====== Args={'_from_bcp': True}
2024-11-04 19:17:11,833 : INFO : EventManager : Event: ======'slide_attract_active'====== Args={'original_context': 'attract', 'original_calling_context': 'mode_attract_started', 'priority': 10.0, 'cmd': 'slides_play', '_from_bcp': True}
2024-11-04 19:17:21,849 : INFO : BcpServer : New client connected.
2024-11-04 19:18:03,909 : INFO : SwitchController : <<<<<<< 's_start' active >>>>>>>
2024-11-04 19:18:03,988 : INFO : SwitchController : <<<<<<< 's_start' inactive >>>>>>>
2024-11-04 19:18:03,988 : INFO : EventManager : Event: ======'request_to_start_game'====== Args={}
2024-11-04 19:18:03,988 : INFO : BallController : Known balls: 0
2024-11-04 19:18:03,988 : INFO : BallController : bd_drain contains 0 balls. Tags ['drain', 'home', 'trough']
2024-11-04 19:18:03,988 : INFO : BallController : bd_lower_vuk contains 0 balls. Tags []
2024-11-04 19:18:03,988 : INFO : BallController : bd_lower_kickout_special contains 0 balls. Tags []
2024-11-04 19:18:03,988 : INFO : BallController : bd_main_vuk contains 0 balls. Tags []
2024-11-04 19:18:03,988 : INFO : BallController : bd_main_kickout_right contains 0 balls. Tags []
2024-11-04 19:18:03,988 : INFO : BallController : bd_main_kickout_lane contains 0 balls. Tags []
2024-11-04 19:18:03,988 : INFO : BallController : playfield contains 0 balls. Tags ['default']
2024-11-04 19:18:03,988 : WARNING : BallController : BallController denies game start. Not enough balls. 0 found. 1 required
2024-11-04 19:18:03,988 : INFO : BallController : Triggering ball search.
2024-11-04 19:18:12,072 : INFO : SwitchController : <<<<<<< 's_start' active >>>>>>>
2024-11-04 19:18:12,472 : INFO : SwitchController : <<<<<<< 's_start' inactive >>>>>>>
2024-11-04 19:18:12,472 : INFO : EventManager : Event: ======'request_to_start_game'====== Args={}
2024-11-04 19:18:12,472 : INFO : BallController : Known balls: 0
2024-11-04 19:18:12,472 : INFO : BallController : bd_drain contains 0 balls. Tags ['drain', 'home', 'trough']
2024-11-04 19:18:12,472 : INFO : BallController : bd_lower_vuk contains 0 balls. Tags []
2024-11-04 19:18:12,472 : INFO : BallController : bd_lower_kickout_special contains 0 balls. Tags []
2024-11-04 19:18:12,472 : INFO : BallController : bd_main_vuk contains 0 balls. Tags []
2024-11-04 19:18:12,472 : INFO : BallController : bd_main_kickout_right contains 0 balls. Tags []
2024-11-04 19:18:12,472 : INFO : BallController : bd_main_kickout_lane contains 0 balls. Tags []
2024-11-04 19:18:12,472 : INFO : BallController : playfield contains 0 balls. Tags ['default']
2024-11-04 19:18:12,472 : WARNING : BallController : BallController denies game start. Not enough balls. 0 found. 1 required
2024-11-04 19:18:12,472 : INFO : BallController : Triggering ball search.
2024-11-04 19:22:03,158 : INFO : SwitchController : <<<<<<< 's_lower_vuk' active >>>>>>>
2024-11-04 19:22:03,270 : INFO : SwitchController : <<<<<<< 's_lower_vuk' inactive >>>>>>>
2024-11-04 19:22:07,340 : INFO : SwitchController : <<<<<<< 's_lower_vuk' active >>>>>>>
2024-11-04 19:22:07,580 : INFO : SwitchController : <<<<<<< 's_lower_vuk' inactive >>>>>>>
2024-11-04 19:22:09,500 : INFO : SwitchController : <<<<<<< 's_main_outhole' active >>>>>>>
2024-11-04 19:22:09,964 : INFO : SwitchController : <<<<<<< 's_main_outhole' inactive >>>>>>>
2024-11-04 19:22:11,484 : INFO : SwitchController : <<<<<<< 's_main_outhole' active >>>>>>>
2024-11-04 19:22:11,984 : INFO : EventManager : Event: ======'balldevice_bd_drain_ball_count_changed'====== Args={'balls': 1}
2024-11-04 19:22:11,985 : INFO : ball_device.bd_drain : Received unexpected ball
2024-11-04 19:22:11,985 : INFO : EventManager : Event: ======'balldevice_captured_from_playfield'====== Args={'balls': 1}
2024-11-04 19:22:11,985 : INFO : EventManager : Event: ======'sw_playfield_active'====== Args={'balls': 1}
2024-11-04 19:22:11,985 : INFO : EventManager : Event: ======'playfield_active'====== Args={'source': None}
2024-11-04 19:22:11,985 : INFO : EventManager : Event: ======'unexpected_ball_on_playfield'====== Args={}
2024-11-04 19:22:11,986 : INFO : EventManager : Event: ======'playfield_ball_count_change'====== Args={'balls': -1, 'change': -1}
2024-11-04 19:22:11,986 : INFO : EventManager : Event: ======'balldevice_playfield_ball_enter'====== Args={'new_balls': 1, 'unclaimed_balls': 1, 'device': <playfield.playfield>}
2024-11-04 19:22:11,986 : INFO : EventManager : Event: ======'playfield_ball_count_change'====== Args={'balls': 0, 'change': 1}
2024-11-04 19:22:11,986 : INFO : BallController : Found a new ball which was captured from playfield. Known balls: 1
2024-11-04 19:22:11,986 : INFO : EventManager : Event: ======'found_new_ball'====== Args={}
2024-11-04 19:22:11,986 : INFO : EventManager : Event: ======'balldevice_bd_drain_ball_enter'====== Args={'new_balls': 1, 'unclaimed_balls': 1, 'new_available_balls': 1, 'device': <ball_device.bd_drain>}
2024-11-04 19:22:11,986 : INFO : EventManager : Event: ======'ball_drain'====== Args={'device': <ball_device.bd_drain>, 'balls': 1}
2024-11-04 19:22:11,987 : INFO : EventManager : Event: ======'balldevice_balls_available'====== Args={}
2024-11-04 19:22:11,987 : INFO : EventManager : Event: ======'balldevice_bd_drain_ball_entered'====== Args={'new_balls': 1, 'device': <ball_device.bd_drain>}
2024-11-04 19:22:26,856 : INFO : SwitchController : <<<<<<< 's_start' active >>>>>>>
2024-11-04 19:22:26,960 : INFO : SwitchController : <<<<<<< 's_start' inactive >>>>>>>
2024-11-04 19:22:26,960 : INFO : EventManager : Event: ======'request_to_start_game'====== Args={}
2024-11-04 19:22:26,960 : INFO : EventManager : Event: ======'game_start'====== Args={'buttons': [], 'hold_time': 0.10362338599952636}
2024-11-04 19:22:26,960 : INFO : EventManager : Event: ======'mode_game_will_start'====== Args={'buttons': [], 'hold_time': 0.10362338599952636}
2024-11-04 19:22:26,961 : INFO : EventManager : Event: ======'mode_game_starting'====== Args={'buttons': [], 'hold_time': 0.10362338599952636}
2024-11-04 19:22:26,961 : INFO : EventManager : Event: ======'mode_attract_will_stop'====== Args={}
2024-11-04 19:22:26,961 : INFO : EventManager : Event: ======'mode_attract_stopping'====== Args={}
2024-11-04 19:22:26,961 : INFO : Mode.attract : Stopped.
2024-11-04 19:22:26,961 : INFO : EventManager : Event: ======'modes_active_modes_changed'====== Args={}
2024-11-04 19:22:26,962 : INFO : EventManager : Event: ======'mode_attract_stopped'====== Args={}
2024-11-04 19:22:26,962 : INFO : EventManager : Event: ======'clear'====== Args={'key': 'attract'}
2024-11-04 19:22:26,962 : INFO : Mode.game : Started. Priority: 20
2024-11-04 19:22:26,962 : INFO : EventManager : Event: ======'modes_active_modes_changed'====== Args={}
2024-11-04 19:22:26,962 : INFO : EventManager : Event: ======'mode_game_started'====== Args={'buttons': [], 'hold_time': 0.10362338599952636}
2024-11-04 19:22:26,963 : INFO : EventManager : Event: ======'game_will_start'====== Args={}
2024-11-04 19:22:26,963 : INFO : EventManager : Event: ======'game_starting'====== Args={'game': <Mode.game>}
2024-11-04 19:22:26,963 : INFO : EventManager : Unordered handler for class <Auditor> on event game_ended with priority 1. Handlers: [RegisteredHandler(callback=<bound method Auditor.disable of <Auditor>>, priority=1, kwargs={}, key=UUID('31120ddb-9898-450b-84dc-80d9c40176c1'), condition=None, blocking_facility=None), RegisteredHandler(callback=<bound method Auditor._save_audits of <Auditor>>, priority=1, kwargs={}, key=UUID('db9c8acf-821d-4a8f-9328-751041cdf187'), condition=None, blocking_facility=None)]. The order of those handlers is not defined and they will be executed in random order. This might lead to race conditions and potential bugs.
2024-11-04 19:22:26,963 : INFO : EventManager : Event: ======'player_add_request'====== Args={}
2024-11-04 19:22:26,963 : INFO : EventManager : Event: ======'player_will_add'====== Args={'number': 1}
2024-11-04 19:22:26,963 : INFO : EventManager : Event: ======'player_adding'====== Args={'player': <Player 1>, 'number': 1}
2024-11-04 19:22:26,964 : INFO : EventManager : Event: ======'player_added'====== Args={'player': <Player 1>, 'num': 1}
2024-11-04 19:22:26,964 : INFO : Mode.game : Player added successfully. Total players: 1
2024-11-04 19:22:26,964 : INFO : EventManager : Event: ======'player_index'====== Args={'value': 0, 'prev_value': 0, 'change': 0, 'player_num': 1}
2024-11-04 19:22:26,964 : INFO : EventManager : Event: ======'player_number'====== Args={'value': 1, 'prev_value': 1, 'change': 0, 'player_num': 1}
2024-11-04 19:22:26,964 : INFO : EventManager : Event: ======'player_score'====== Args={'value': 0, 'prev_value': 0, 'change': 0, 'player_num': 1}
2024-11-04 19:22:26,965 : INFO : EventManager : Event: ======'game_started'====== Args={}
2024-11-04 19:22:26,965 : INFO : EventManager : Event: ======'player_turn_will_start'====== Args={'player': <Player 1>, 'number': 1}
2024-11-04 19:22:26,965 : INFO : EventManager : Event: ======'player_turn_starting'====== Args={'player': <Player 1>, 'number': 1}
2024-11-04 19:22:26,965 : INFO : EventManager : Event: ======'player_ball'====== Args={'value': 1, 'prev_value': 0, 'change': 1, 'player_num': 1}
2024-11-04 19:22:26,966 : INFO : EventManager : Event: ======'player_turn_started'====== Args={'player': <Player 1>, 'number': 1}
2024-11-04 19:22:26,966 : INFO : EventManager : Event: ======'ball_will_start'====== Args={'player': 1, 'ball': 1, 'balls_remaining': 2, 'is_extra_ball': False}
2024-11-04 19:22:26,966 : INFO : EventManager : Event: ======'ball_starting'====== Args={'player': 1, 'ball': 1, 'balls_remaining': 2, 'is_extra_ball': False}
2024-11-04 19:22:26,967 : INFO : EventManager : Event: ======'mode_base_will_start'====== Args={'queue': <QueuedEvent>, 'player': 1, 'ball': 1, 'balls_remaining': 2, 'is_extra_ball': False}
2024-11-04 19:22:26,967 : INFO : EventManager : Event: ======'player_shot_upper_pop_enabled'====== Args={'value': True, 'prev_value': 0, 'change': 1, 'player_num': 1}
2024-11-04 19:22:26,967 : INFO : EventManager : Event: ======'player_shot_lower_left_pop_enabled'====== Args={'value': True, 'prev_value': 0, 'change': 1, 'player_num': 1}
2024-11-04 19:22:26,968 : INFO : EventManager : Event: ======'player_shot_upper_left_pop_enabled'====== Args={'value': True, 'prev_value': 0, 'change': 1, 'player_num': 1}
2024-11-04 19:22:26,971 : INFO : EventManager : Event: ======'player_shot_10pt_enabled'====== Args={'value': True, 'prev_value': 0, 'change': 1, 'player_num': 1}
2024-11-04 19:22:26,972 : INFO : EventManager : Event: ======'player_shot_upper_1_enabled'====== Args={'value': True, 'prev_value': 0, 'change': 1, 'player_num': 1}
2024-11-04 19:22:26,972 : INFO : EventManager : Event: ======'player_shot_upper_2_enabled'====== Args={'value': True, 'prev_value': 0, 'change': 1, 'player_num': 1}
2024-11-04 19:22:26,973 : INFO : EventManager : Event: ======'player_shot_upper_3_enabled'====== Args={'value': True, 'prev_value': 0, 'change': 1, 'player_num': 1}
2024-11-04 19:22:26,973 : INFO : EventManager : Event: ======'player_shot_upper_4_enabled'====== Args={'value': True, 'prev_value': 0, 'change': 1, 'player_num': 1}
2024-11-04 19:22:26,973 : INFO : EventManager : Event: ======'player_shot_upper_1_drop_enabled'====== Args={'value': True, 'prev_value': 0, 'change': 1, 'player_num': 1}
2024-11-04 19:22:26,974 : INFO : EventManager : Event: ======'player_shot_upper_2_drop_enabled'====== Args={'value': True, 'prev_value': 0, 'change': 1, 'player_num': 1}
2024-11-04 19:22:26,974 : INFO : EventManager : Event: ======'player_shot_upper_3_drop_enabled'====== Args={'value': True, 'prev_value': 0, 'change': 1, 'player_num': 1}
2024-11-04 19:22:26,974 : INFO : EventManager : Event: ======'player_shot_upper_4_drop_enabled'====== Args={'value': True, 'prev_value': 0, 'change': 1, 'player_num': 1}
2024-11-04 19:22:26,974 : INFO : EventManager : Event: ======'player_shot_lower_1_drop_enabled'====== Args={'value': True, 'prev_value': 0, 'change': 1, 'player_num': 1}
2024-11-04 19:22:26,975 : INFO : EventManager : Event: ======'player_shot_lower_2_drop_enabled'====== Args={'value': True, 'prev_value': 0, 'change': 1, 'player_num': 1}
2024-11-04 19:22:26,975 : INFO : EventManager : Event: ======'player_shot_lower_3_drop_enabled'====== Args={'value': True, 'prev_value': 0, 'change': 1, 'player_num': 1}
2024-11-04 19:22:26,975 : INFO : EventManager : Event: ======'player_shot_lower_4_drop_enabled'====== Args={'value': True, 'prev_value': 0, 'change': 1, 'player_num': 1}
2024-11-04 19:22:26,975 : INFO : EventManager : Event: ======'player_shot_lower_5_drop_enabled'====== Args={'value': True, 'prev_value': 0, 'change': 1, 'player_num': 1}
2024-11-04 19:22:26,975 : INFO : EventManager : Event: ======'player_shot_lower_hole_enabled'====== Args={'value': True, 'prev_value': 0, 'change': 1, 'player_num': 1}
2024-11-04 19:22:26,976 : INFO : EventManager : Event: ======'player_shot_lower_left_enabled'====== Args={'value': True, 'prev_value': 0, 'change': 1, 'player_num': 1}
2024-11-04 19:22:26,976 : INFO : EventManager : Event: ======'player_shot_lower_right_enabled'====== Args={'value': True, 'prev_value': 0, 'change': 1, 'player_num': 1}
2024-11-04 19:22:26,976 : INFO : EventManager : Event: ======'player_shot_lower_pop_enabled'====== Args={'value': True, 'prev_value': 0, 'change': 1, 'player_num': 1}
2024-11-04 19:22:26,976 : INFO : EventManager : Event: ======'player_shot_lower_10pt_lower_enabled'====== Args={'value': True, 'prev_value': 0, 'change': 1, 'player_num': 1}
2024-11-04 19:22:26,976 : INFO : EventManager : Event: ======'player_shot_lower_10pt_drops_enabled'====== Args={'value': True, 'prev_value': 0, 'change': 1, 'player_num': 1}
2024-11-04 19:22:26,977 : INFO : EventManager : Event: ======'player_shot_lower_10pt_upper_enabled'====== Args={'value': True, 'prev_value': 0, 'change': 1, 'player_num': 1}
2024-11-04 19:22:26,977 : INFO : EventManager : Event: ======'player_shot_lower_slingshot_enabled'====== Args={'value': True, 'prev_value': 0, 'change': 1, 'player_num': 1}
2024-11-04 19:22:26,977 : INFO : EventManager : Event: ======'player_shot_lower_kick_target_enabled'====== Args={'value': True, 'prev_value': 0, 'change': 1, 'player_num': 1}
2024-11-04 19:22:26,977 : INFO : EventManager : Event: ======'player_shot_lower_rollover_enabled'====== Args={'value': True, 'prev_value': 0, 'change': 1, 'player_num': 1}
2024-11-04 19:22:26,978 : INFO : EventManager : Event: ======'player_shot_main_1_enabled'====== Args={'value': True, 'prev_value': 0, 'change': 1, 'player_num': 1}
2024-11-04 19:22:26,978 : INFO : EventManager : Event: ======'player_shot_main_2_enabled'====== Args={'value': True, 'prev_value': 0, 'change': 1, 'player_num': 1}
2024-11-04 19:22:26,978 : INFO : EventManager : Event: ======'player_shot_main_3_enabled'====== Args={'value': True, 'prev_value': 0, 'change': 1, 'player_num': 1}
2024-11-04 19:22:26,978 : INFO : EventManager : Event: ======'player_shot_main_4_enabled'====== Args={'value': True, 'prev_value': 0, 'change': 1, 'player_num': 1}
2024-11-04 19:22:26,979 : INFO : EventManager : Event: ======'player_shot_main_5_enabled'====== Args={'value': True, 'prev_value': 0, 'change': 1, 'player_num': 1}
2024-11-04 19:22:26,979 : INFO : EventManager : Event: ======'player_shot_main_slingshot_enabled'====== Args={'value': True, 'prev_value': 0, 'change': 1, 'player_num': 1}
2024-11-04 19:22:26,979 : INFO : EventManager : Event: ======'player_shot_right_outlane_enabled'====== Args={'value': True, 'prev_value': 0, 'change': 1, 'player_num': 1}
2024-11-04 19:22:26,979 : INFO : EventManager : Event: ======'player_shot_right_inlane_enabled'====== Args={'value': True, 'prev_value': 0, 'change': 1, 'player_num': 1}
2024-11-04 19:22:26,980 : INFO : EventManager : Event: ======'player_shot_left_inlane_enabled'====== Args={'value': True, 'prev_value': 0, 'change': 1, 'player_num': 1}
2024-11-04 19:22:26,980 : INFO : EventManager : Event: ======'player_shot_left_outlane_enabled'====== Args={'value': True, 'prev_value': 0, 'change': 1, 'player_num': 1}
2024-11-04 19:22:26,980 : INFO : EventManager : Event: ======'player_shot_standup_right_enabled'====== Args={'value': True, 'prev_value': 0, 'change': 1, 'player_num': 1}
2024-11-04 19:22:26,981 : INFO : EventManager : Event: ======'player_shot_right_kickout_enabled'====== Args={'value': True, 'prev_value': 0, 'change': 1, 'player_num': 1}
2024-11-04 19:22:26,981 : INFO : EventManager : Event: ======'player_shot_rollunder_enabled'====== Args={'value': True, 'prev_value': 0, 'change': 1, 'player_num': 1}
2024-11-04 19:22:26,982 : INFO : EventManager : Event: ======'mode_base_starting'====== Args={'queue': <QueuedEvent>, 'player': 1, 'ball': 1, 'balls_remaining': 2, 'is_extra_ball': False}
2024-11-04 19:22:26,982 : INFO : drop_target_bank.upper : All targets are already up. Will not reset bank.
2024-11-04 19:22:26,982 : INFO : drop_target_bank.lower : All targets are already up. Will not reset bank.
2024-11-04 19:22:26,983 : INFO : Mode.base : Started. Priority: 100
2024-11-04 19:22:26,983 : INFO : EventManager : Event: ======'modes_active_modes_changed'====== Args={}
2024-11-04 19:22:26,983 : INFO : EventManager : Event: ======'mode_base_started'====== Args={'queue': <QueuedEvent>, 'player': 1, 'ball': 1, 'balls_remaining': 2, 'is_extra_ball': False}
2024-11-04 19:22:26,983 : INFO : EventManager : Event: ======'balls_in_play'====== Args={'balls': 1}
2024-11-04 19:22:26,983 : INFO : EventManager : Event: ======'ball_started'====== Args={'player': 1, 'ball': 1, 'balls_remaining': 2, 'is_extra_ball': False}
2024-11-04 19:22:26,986 : ERROR : asyncio : Exception in callback DelayManager._process_delay_callback('draw_screen', <bound method...7b7690433ba0>>)()
handle: <TimerHandle when=4827.925034098001 DelayManager._process_delay_callback('draw_screen', <bound method...7b7690433ba0>>)()>
Traceback (most recent call last):
  File "/home/caw/miniconda3/envs/envp311/lib/python3.11/site-packages/mpf/core/events.py", line 755, in _run_handlers
    result = handler.callback(**merged_kwargs)
             ^^^^^^^^^^^^^^^^^^^^^^^^^^^^^^^^^
  File "/home/caw/miniconda3/envs/envp311/lib/python3.11/site-packages/mpf/devices/autofire.py", line 82, in event_enable
    self.enable()
  File "/home/caw/miniconda3/envs/envp311/lib/python3.11/site-packages/mpf/devices/autofire.py", line 123, in enable
    self._rule = self.machine.platform_controller.set_pulse_on_hit_rule(
                 ^^^^^^^^^^^^^^^^^^^^^^^^^^^^^^^^^^^^^^^^^^^^^^^^^^^^^^^
  File "/home/caw/miniconda3/envs/envp311/lib/python3.11/site-packages/mpf/core/platform_controller.py", line 200, in set_pulse_on_hit_rule
    platform.set_pulse_on_hit_rule(enable_settings, driver_settings)
  File "/home/caw/miniconda3/envs/envp311/lib/python3.11/site-packages/mpf/platforms/virtual.py", line 244, in set_pulse_on_hit_rule
    self._assert_rule_does_not_exist(enable_switch.hw_switch, coil.hw_driver)
  File "/home/caw/miniconda3/envs/envp311/lib/python3.11/site-packages/mpf/platforms/virtual.py", line 208, in _assert_rule_does_not_exist
    raise AssertionError("Overwrote a rule without clearing it first {} <-> {}".format(
AssertionError: Overwrote a rule without clearing it first VirtualSwitch.A1-B1-6 <-> VirtualDriver.A0-B0-1

The above exception was the direct cause of the following exception:

Traceback (most recent call last):
  File "/home/caw/miniconda3/envs/envp311/lib/python3.11/asyncio/events.py", line 84, in _run
    self._context.run(self._callback, *self._args)
  File "/home/caw/miniconda3/envs/envp311/lib/python3.11/site-packages/mpf/core/delays.py", line 190, in _process_delay_callback
    self.machine.events.process_event_queue()
  File "/home/caw/miniconda3/envs/envp311/lib/python3.11/site-packages/mpf/core/events.py", line 846, in process_event_queue
    self._process_event(event=event[0],
  File "/home/caw/miniconda3/envs/envp311/lib/python3.11/site-packages/mpf/core/events.py", line 808, in _process_event
    result = self._run_handlers(event, ev_type, kwargs)
             ^^^^^^^^^^^^^^^^^^^^^^^^^^^^^^^^^^^^^^^^^^
  File "/home/caw/miniconda3/envs/envp311/lib/python3.11/site-packages/mpf/core/events.py", line 757, in _run_handlers
    raise EventHandlerException(
mpf.core.events.EventHandlerException: Exception while processing RegisteredHandler(callback=<bound method AutofireCoil.event_enable of <autofire.lower_pop>>, priority=2, kwargs={}, key=UUID('4d5a595d-1288-4992-b20a-bcc73178da7f'), condition=None, blocking_facility=None) for event ball_started. Overwrote a rule without clearing it first VirtualSwitch.A1-B1-6 <-> VirtualDriver.A0-B0-1
2024-11-04 19:22:26,990 : INFO : Machine : Shutting down...
2024-11-04 19:22:26,990 : INFO : EventManager : Event: ======'shutdown'====== Args={}
2024-11-04 19:22:26,991 : INFO : EventManager : Event: ======'mode_game_will_stop'====== Args={}
2024-11-04 19:22:26,991 : INFO : EventManager : Event: ======'mode_game_stopping'====== Args={}
2024-11-04 19:22:26,991 : INFO : EventManager : Event: ======'mode_base_will_stop'====== Args={}
2024-11-04 19:22:26,991 : INFO : EventManager : Event: ======'mode_base_stopping'====== Args={}
2024-11-04 19:22:26,991 : INFO : Mode.base : Stopped.
2024-11-04 19:22:26,991 : INFO : EventManager : Event: ======'modes_active_modes_changed'====== Args={}
2024-11-04 19:22:26,992 : INFO : EventManager : Event: ======'mode_base_stopped'====== Args={}
2024-11-04 19:22:26,992 : INFO : EventManager : Event: ======'clear'====== Args={'key': 'base'}
2024-11-04 19:22:26,993 : INFO : Mode.game : Stopped.
2024-11-04 19:22:26,993 : INFO : EventManager : Event: ======'modes_active_modes_changed'====== Args={}
2024-11-04 19:22:26,993 : INFO : EventManager : Event: ======'mode_game_stopped'====== Args={}
2024-11-04 19:22:26,993 : INFO : EventManager : Event: ======'clear'====== Args={'key': 'game'}
2024-11-04 19:22:26,994 : ERROR : Machine : Runtime Exception
Traceback (most recent call last):
  File "/home/caw/miniconda3/envs/envp311/lib/python3.11/site-packages/mpf/core/events.py", line 755, in _run_handlers
    result = handler.callback(**merged_kwargs)
             ^^^^^^^^^^^^^^^^^^^^^^^^^^^^^^^^^
  File "/home/caw/miniconda3/envs/envp311/lib/python3.11/site-packages/mpf/devices/autofire.py", line 82, in event_enable
    self.enable()
  File "/home/caw/miniconda3/envs/envp311/lib/python3.11/site-packages/mpf/devices/autofire.py", line 123, in enable
    self._rule = self.machine.platform_controller.set_pulse_on_hit_rule(
                 ^^^^^^^^^^^^^^^^^^^^^^^^^^^^^^^^^^^^^^^^^^^^^^^^^^^^^^^
  File "/home/caw/miniconda3/envs/envp311/lib/python3.11/site-packages/mpf/core/platform_controller.py", line 200, in set_pulse_on_hit_rule
    platform.set_pulse_on_hit_rule(enable_settings, driver_settings)
  File "/home/caw/miniconda3/envs/envp311/lib/python3.11/site-packages/mpf/platforms/virtual.py", line 244, in set_pulse_on_hit_rule
    self._assert_rule_does_not_exist(enable_switch.hw_switch, coil.hw_driver)
  File "/home/caw/miniconda3/envs/envp311/lib/python3.11/site-packages/mpf/platforms/virtual.py", line 208, in _assert_rule_does_not_exist
    raise AssertionError("Overwrote a rule without clearing it first {} <-> {}".format(
AssertionError: Overwrote a rule without clearing it first VirtualSwitch.A1-B1-6 <-> VirtualDriver.A0-B0-1

The above exception was the direct cause of the following exception:

Traceback (most recent call last):
  File "/home/caw/miniconda3/envs/envp311/lib/python3.11/site-packages/mpf/core/machine.py", line 808, in _run_loop
    raise self._exception['exception']
  File "/home/caw/miniconda3/envs/envp311/lib/python3.11/asyncio/events.py", line 84, in _run
    self._context.run(self._callback, *self._args)
  File "/home/caw/miniconda3/envs/envp311/lib/python3.11/site-packages/mpf/core/delays.py", line 190, in _process_delay_callback
    self.machine.events.process_event_queue()
  File "/home/caw/miniconda3/envs/envp311/lib/python3.11/site-packages/mpf/core/events.py", line 846, in process_event_queue
    self._process_event(event=event[0],
  File "/home/caw/miniconda3/envs/envp311/lib/python3.11/site-packages/mpf/core/events.py", line 808, in _process_event
    result = self._run_handlers(event, ev_type, kwargs)
             ^^^^^^^^^^^^^^^^^^^^^^^^^^^^^^^^^^^^^^^^^^
  File "/home/caw/miniconda3/envs/envp311/lib/python3.11/site-packages/mpf/core/events.py", line 757, in _run_handlers
    raise EventHandlerException(
mpf.core.events.EventHandlerException: Exception while processing RegisteredHandler(callback=<bound method AutofireCoil.event_enable of <autofire.lower_pop>>, priority=2, kwargs={}, key=UUID('4d5a595d-1288-4992-b20a-bcc73178da7f'), condition=None, blocking_facility=None) for event ball_started. Overwrote a rule without clearing it first VirtualSwitch.A1-B1-6 <-> VirtualDriver.A0-B0-1
2024-11-04 19:22:26,995 : INFO : root : MPF run loop ended.
